[0m[[0m[0mdebug[0m] [0m[0m> Exec(test, Some(8544447d-7b76-45f0-9bad-75386772e8a6), Some(CommandSource(console0)))[0m
[0m[[0m[0mdebug[0m] [0m[0mEvaluating tasks: Test / test[0m
[0m[[0m[0mdebug[0m] [0m[0mRunning task... Cancel: Signal, check cycles: false, forcegc: true[0m
[0m[[0m[0minfo[0m] [0m[0mUpdating [0m
[0m[[0m[0minfo[0m] [0m[0mResolved  dependencies[0m
[0m[[0m[0minfo[0m] [0m[0mUpdating [0m
[0m[[0m[0minfo[0m] [0m[0mResolved  dependencies[0m
[0m[[0m[0minfo[0m] [0m[0mUpdating [0m
[0m[[0m[0minfo[0m] [0m[0mResolved  dependencies[0m
[0m[[0m[0minfo[0m] [0m[0mFetching artifacts of [0m
[0m[[0m[0minfo[0m] [0m[0mFetched artifacts of [0m
[0m[[0m[0minfo[0m] [0m[0mcompiling 1 Scala source to /home/aryzach/Documents/Projects/Active/gitcloneinscalazio/target/scala-2.13/classes ...[0m
[0m[[0m[0minfo[0m] [0m[0mNon-compiled module 'compiler-bridge_2.13' for Scala 2.13.6. Compiling...[0m
[0m[[0m[0minfo[0m] [0m[0m  Compilation completed in 66.188s.[0m
[0m[[0m[0minfo[0m] [0m[0mcompiling 1 Scala source to /home/aryzach/Documents/Projects/Active/gitcloneinscalazio/target/scala-2.13/test-classes ...[0m
[0m[[0m[0minfo[0m] [0m[0m[32mCubeCalculatorTest:[0m[0m
[0m[[0m[0minfo[0m] [0m[0m[32m- CubeCalculator.cube[0m[0m
[0m[[0m[0minfo[0m] [0m[0m[36mRun completed in 2 seconds, 540 milliseconds.[0m[0m
[0m[[0m[0minfo[0m] [0m[0m[36mTotal number of tests run: 1[0m[0m
[0m[[0m[0minfo[0m] [0m[0m[36mSuites: completed 1, aborted 0[0m[0m
[0m[[0m[0minfo[0m] [0m[0m[36mTests: succeeded 1, failed 0, canceled 0, ignored 0, pending 0[0m[0m
[0m[[0m[0minfo[0m] [0m[0m[32mAll tests passed.[0m[0m
[0m[[0m[32msuccess[0m] [0m[0mTotal time: 91 s (01:31), completed Aug 29, 2021, 8:05:22 PM[0m
[0m[[0m[0mdebug[0m] [0m[0m> Exec(shell, None, None)[0m
[0m[[0m[0mdebug[0m] [0m[0mForcing garbage collection...[0m
