[0m[[0m[0mdebug[0m] [0m[0m> Exec(~test, Some(8153a023-8f9d-4929-bd5f-97c816bfc1cc), Some(CommandSource(console0)))[0m
[0m[[0m[0mdebug[0m] [0m[0m> Exec(__runWatch console0, None, Some(CommandSource(console0)))[0m
[0m[[0m[0mdebug[0m] [0m[0m> Exec(sbtStashOnFailure, None, Some(CommandSource(console0)))[0m
[0m[[0m[0mdebug[0m] [0m[0m> Exec(__preWatch console0, None, Some(CommandSource(console0)))[0m
[0m[[0m[0mdebug[0m] [0m[0m> Exec(test, None, Some(CommandSource(console0)))[0m
[0m[[0m[0mdebug[0m] [0m[0mEvaluating tasks: Test / test[0m
[0m[[0m[0mdebug[0m] [0m[0mRunning task... Cancel: Signal, check cycles: false, forcegc: true[0m
[0m[[0m[0minfo[0m] [0m[0m[32mRefDiscoveryTest:[0m[0m
[0m[[0m[0minfo[0m] [0m[0m[32m- RefDiscovery.pktLine[0m[0m
[0m[[0m[0minfo[0m] [0m[0m[32m- RefDiscovery.gitProtoRequest[0m[0m
[0m[[0m[0minfo[0m] [0m[0m[31m- RefDiscovery.lsRemote *** FAILED ***[0m[0m
[0m[[0m[0minfo[0m] [0m[0m[31m  "[]" did not equal "[IO[Remote]??????]" (RefDiscoveryTest.scala:12)[0m[0m
[0m[[0m[0minfo[0m] [0m[0m[31m  Analysis:[0m[0m
[0m[[0m[0minfo[0m] [0m[0m[31m  "[]" -> "[IO[Remote]??????]"[0m[0m
[0m[[0m[0minfo[0m] [0m[0m[36mRun completed in 1 second, 561 milliseconds.[0m[0m
[0m[[0m[0minfo[0m] [0m[0m[36mTotal number of tests run: 3[0m[0m
[0m[[0m[0minfo[0m] [0m[0m[36mSuites: completed 1, aborted 0[0m[0m
[0m[[0m[0minfo[0m] [0m[0m[36mTests: succeeded 2, failed 1, canceled 0, ignored 0, pending 0[0m[0m
[0m[[0m[0minfo[0m] [0m[0m[31m*** 1 TEST FAILED ***[0m[0m
[0m[[0m[31merror[0m] [0m[0mFailed tests:[0m
[0m[[0m[31merror[0m] [0m[0m	RefDiscoveryTest[0m
[0m[[0m[31merror[0m] [0m[0m(Test / [31mtest[0m) sbt.TestsFailedException: Tests unsuccessful[0m
[0m[[0m[31merror[0m] [0m[0mTotal time: 6 s, completed Aug 30, 2021, 5:14:35 PM[0m
[0m[[0m[0mdebug[0m] [0m[0m> Exec(resumeFromFailure, None, Some(CommandSource(console0)))[0m
[0m[[0m[0mdebug[0m] [0m[0m> Exec(sbtPopOnFailure, None, Some(CommandSource(console0)))[0m
[0m[[0m[0mdebug[0m] [0m[0m> Exec(__postWatch console0, None, Some(CommandSource(console0)))[0m
[0m[[0m[0mdebug[0m] [0m[0m> Exec(__waitWatch console0, None, Some(CommandSource(console0)))[0m
[0m[[0m[0minfo[0m] [0m[0mshutting down sbt server[0m
