[0m[[0m[0mdebug[0m] [0m[0m> Exec(__runWatch console0, Some(08c7a156-8a5c-45e9-b556-cf1b57c05795), Some(CommandSource(console0)))[0m
[0m[[0m[0mdebug[0m] [0m[0m> Exec(sbtStashOnFailure, None, Some(CommandSource(console0)))[0m
[0m[[0m[0mdebug[0m] [0m[0m> Exec(__preWatch console0, None, Some(CommandSource(console0)))[0m
[0m[[0m[0mdebug[0m] [0m[0m> Exec(test, None, Some(CommandSource(console0)))[0m
[0m[[0m[0mdebug[0m] [0m[0mEvaluating tasks: Test / test[0m
[0m[[0m[0mdebug[0m] [0m[0mRunning task... Cancel: Signal, check cycles: false, forcegc: true[0m
[0m[[0m[0minfo[0m] [0m[0mcompiling 1 Scala source to /home/aryzach/Documents/Projects/Active/gitcloneinscalazio/target/scala-2.13/classes ...[0m
[0m[[0m[0minfo[0m] [0m[0m[31m- RefDiscoverySpec[0m[0m
[0m[[0m[0minfo[0m] [0m[0m  [32m+[0m pktLine[0m
[0m[[0m[0minfo[0m] [0m[0m  [32m+[0m gitProtoRequest[0m
[0m[[0m[0minfo[0m] [0m[0m  [31m- lsRemote[0m[0m
[0m[[0m[0minfo[0m] [0m[0m    [34m[0m did not satisfy [36mequalTo(IO[Remote]??????)[0m[0m
[0m[[0m[0minfo[0m] [0m[0m    [36m☛ /home/aryzach/Documents/Projects/Active/gitcloneinscalazio/src/test/scala/RefDiscoverySpec.scala:20[0m[0m
[0m[[0m[0minfo[0m] [0m[0m[36mRan 3 tests in 1 s 565 ms: 2 succeeded, 0 ignored, 1 failed[0m[0m
[0m[[0m[0minfo[0m] [0m[0m[31m- RefDiscoverySpec[0m[0m
[0m[[0m[0minfo[0m] [0m[0m  [31m- lsRemote[0m[0m
[0m[[0m[0minfo[0m] [0m[0m    [34m[0m did not satisfy [36mequalTo(IO[Remote]??????)[0m[0m
[0m[[0m[0minfo[0m] [0m[0m    [36m☛ /home/aryzach/Documents/Projects/Active/gitcloneinscalazio/src/test/scala/RefDiscoverySpec.scala:20[0m[0m
[0m[[0m[0minfo[0m] [0m[0mDone[0m
[0m[[0m[31merror[0m] [0m[0mFailed tests:[0m
[0m[[0m[31merror[0m] [0m[0m	RefDiscoverySpec[0m
[0m[[0m[31merror[0m] [0m[0m(Test / [31mtest[0m) sbt.TestsFailedException: Tests unsuccessful[0m
[0m[[0m[31merror[0m] [0m[0mTotal time: 6 s, completed Aug 30, 2021, 8:09:21 PM[0m
[0m[[0m[0mdebug[0m] [0m[0m> Exec(resumeFromFailure, None, Some(CommandSource(console0)))[0m
[0m[[0m[0mdebug[0m] [0m[0m> Exec(sbtPopOnFailure, None, Some(CommandSource(console0)))[0m
[0m[[0m[0mdebug[0m] [0m[0m> Exec(__postWatch console0, None, Some(CommandSource(console0)))[0m
[0m[[0m[0mdebug[0m] [0m[0m> Exec(resumeFromFailure, None, None)[0m
[0m[[0m[0mdebug[0m] [0m[0m> Exec(__waitWatch console0, None, None)[0m
